<?xml version="1.0" encoding="UTF-8"?>
<!-- Generated by org.testng.reporters.JUnitReportReporter -->
<testsuite hostname="DESKTOP-92JVN7N" failures="0" tests="3" name="testcases.Forget_Password_TestCases" time="12.312" errors="0" timestamp="13 May 2021 12:21:15 GMT">
  <testcase classname="testcases.Forget_Password_TestCases" name="password" time="1.432"/>
  <testcase classname="testcases.Forget_Password_TestCases" name="check" time="0.123"/>
  <testcase classname="testcases.Forget_Password_TestCases" name="clickboth" time="10.757"/>
</testsuite> <!-- testcases.Forget_Password_TestCases -->
