<?xml version="1.0" encoding="UTF-8"?>
<!-- Generated by org.testng.reporters.JUnitReportReporter -->
<testsuite hostname="DESKTOP-92JVN7N" failures="0" tests="3" name="testcases.ForgetUserName_EmailScenerio_TestCase" time="5.809" errors="0" timestamp="13 May 2021 13:26:06 GMT">
  <testcase classname="testcases.ForgetUserName_EmailScenerio_TestCase" name="forget_username" time="1.095"/>
  <testcase classname="testcases.ForgetUserName_EmailScenerio_TestCase" name="new_window" time="1.351"/>
  <testcase classname="testcases.ForgetUserName_EmailScenerio_TestCase" name="elemnt_filled" time="3.363"/>
</testsuite> <!-- testcases.ForgetUserName_EmailScenerio_TestCase -->
