<?xml version="1.0" encoding="UTF-8"?>
<!-- Generated by org.testng.reporters.JUnitReportReporter -->
<testsuite hostname="DESKTOP-92JVN7N" failures="0" tests="3" name="testcases.ForgetUsername" time="70.149" errors="0" timestamp="17 Jun 2021 14:09:49 GMT">
  <testcase classname="testcases.ForgetUsername" name="Invalid_email" time="21.018"/>
  <testcase classname="testcases.ForgetUsername" name="Valid_email" time="20.248"/>
  <testcase classname="testcases.ForgetUsername" name="empty_email" time="28.883"/>
</testsuite> <!-- testcases.ForgetUsername -->
