<?xml version="1.0" encoding="UTF-8"?>
<!-- Generated by org.testng.reporters.JUnitReportReporter -->
<testsuite hostname="DESKTOP-92JVN7N" failures="0" tests="2" name="testcases.Tcare_Case_CloseandReopen" time="237.224" errors="0" timestamp="17 Jun 2021 11:14:43 GMT">
  <testcase classname="testcases.Tcare_Case_CloseandReopen" name="Tcare_login_case" time="45.784"/>
  <testcase classname="testcases.Tcare_Case_CloseandReopen" name="Tcare_CloseandReopen_case" time="191.440"/>
</testsuite> <!-- testcases.Tcare_Case_CloseandReopen -->
