<?xml version="1.0" encoding="UTF-8"?>
<!-- Generated by org.testng.reporters.JUnitReportReporter -->
<testsuite hostname="DESKTOP-92JVN7N" failures="0" tests="20" name="testcases.Normal_Low_High_Flow" time="330.049" errors="0" timestamp="17 Jun 2021 12:22:40 GMT">
  <testcase classname="testcases.Normal_Low_High_Flow" name="caregiver_details1" time="5.694"/>
  <testcase classname="testcases.Normal_Low_High_Flow" name="final_careplan" time="35.781"/>
  <testcase classname="testcases.Normal_Low_High_Flow" name="Identity_discrepancy" time="5.734"/>
  <testcase classname="testcases.Normal_Low_High_Flow" name="create_assessment" time="11.305"/>
  <testcase classname="testcases.Normal_Low_High_Flow" name="mandatory" time="4.550"/>
  <testcase classname="testcases.Normal_Low_High_Flow" name="goals" time="54.040"/>
  <testcase classname="testcases.Normal_Low_High_Flow" name="create_case" time="65.148"/>
  <testcase classname="testcases.Normal_Low_High_Flow" name="cg_burden" time="5.877"/>
  <testcase classname="testcases.Normal_Low_High_Flow" name="caregiver_details" time="5.709"/>
  <testcase classname="testcases.Normal_Low_High_Flow" name="cg_res" time="5.854"/>
  <testcase classname="testcases.Normal_Low_High_Flow" name="adl" time="6.578"/>
  <testcase classname="testcases.Normal_Low_High_Flow" name="add_caregiver" time="49.253"/>
  <testcase classname="testcases.Normal_Low_High_Flow" name="cr_res1" time="5.657"/>
  <testcase classname="testcases.Normal_Low_High_Flow" name="summary" time="19.431"/>
  <testcase classname="testcases.Normal_Low_High_Flow" name="problem_behaviour" time="6.476"/>
  <testcase classname="testcases.Normal_Low_High_Flow" name="PrintPaper_Form" time="11.139"/>
  <testcase classname="testcases.Normal_Low_High_Flow" name="inten_place" time="5.385"/>
  <testcase classname="testcases.Normal_Low_High_Flow" name="depression" time="6.034"/>
  <testcase classname="testcases.Normal_Low_High_Flow" name="carereciver_details" time="13.848"/>
  <testcase classname="testcases.Normal_Low_High_Flow" name="assessment_page1" time="6.556"/>
</testsuite> <!-- testcases.Normal_Low_High_Flow -->
